\BOOKMARK [0][-]{chapter*.2}{\376\377\000P\000r\000e\000f\000\341\000c\000i\000o}{}% 1
\BOOKMARK [0][-]{chapter.1}{\376\377\000P\000r\000o\000b\000a\000b\000i\000l\000i\000d\000a\000d\000e\000\040\000S\000u\000b\000j\000e\000t\000i\000v\000a}{}% 2
\BOOKMARK [1][-]{section.1.1}{\376\377\000D\000e\000f\000i\000n\000i\000\347\000\343\000o\000\040\000A\000x\000i\000o\000m\000\341\000t\000i\000c\000a}{chapter.1}% 3
\BOOKMARK [1][-]{section.1.2}{\376\377\000I\000n\000t\000e\000r\000p\000r\000e\000t\000a\000\347\000\365\000e\000s\000\040\000d\000e\000\040\000P\000r\000o\000b\000a\000b\000i\000l\000i\000d\000a\000d\000e}{chapter.1}% 4
\BOOKMARK [1][-]{section.1.3}{\376\377\000R\000e\000l\000a\000\347\000\343\000o\000\040\000d\000e\000\040\000C\000r\000e\000n\000\347\000a\000\040\000\134\000p\000r\000e\000c\000s\000i\000m}{chapter.1}% 5
\BOOKMARK [1][-]{section.1.4}{\376\377\000M\000e\000d\000i\000d\000a\000\040\000d\000e\000\040\000P\000r\000o\000b\000a\000b\000i\000l\000i\000d\000a\000d\000e\000\040\000q\000u\000e\000\040\000`\000`\000r\000e\000p\000r\000e\000s\000e\000n\000t\000a\000'\000'\000\040\000\134\000p\000r\000e\000c\000s\000i\000m}{chapter.1}% 6
\BOOKMARK [1][-]{section.1.5}{\376\377\000M\000e\000d\000i\000d\000a\000\040\000d\000e\000\040\000P\000r\000o\000b\000a\000b\000i\000l\000i\000d\000a\000d\000e\000\040\000C\000o\000n\000d\000i\000c\000i\000o\000n\000a\000l}{chapter.1}% 7
\BOOKMARK [0][-]{chapter.2}{\376\377\000I\000n\000t\000r\000o\000d\000u\000\347\000\343\000o\000\040\000\340\000\040\000I\000n\000f\000e\000r\000\352\000n\000c\000i\000a\000\040\000B\000a\000y\000e\000s\000i\000a\000n\000a}{}% 8
\BOOKMARK [1][-]{section.2.1}{\376\377\000C\000o\000n\000c\000e\000i\000t\000o\000s\000\040\000B\000\341\000s\000i\000c\000o\000s}{chapter.2}% 9
\BOOKMARK [1][-]{section.2.2}{\376\377\000S\000u\000f\000i\000c\000i\000\352\000n\000c\000i\000a}{chapter.2}% 10
\BOOKMARK [1][-]{section.2.3}{\376\377\000D\000i\000s\000t\000r\000i\000b\000u\000i\000\347\000\343\000o\000\040\000a\000\040\000P\000r\000i\000o\000r\000i}{chapter.2}% 11
\BOOKMARK [0][-]{chapter.3}{\376\377\000I\000n\000t\000r\000o\000d\000u\000\347\000\343\000o\000\040\000\340\000\040\000T\000e\000o\000r\000\355\000a\000\040\000d\000a\000\040\000D\000e\000c\000i\000s\000\343\000o}{}% 12
\BOOKMARK [1][-]{section.3.1}{\376\377\000C\000o\000n\000c\000e\000i\000t\000o\000s\000\040\000B\000\341\000s\000i\000c\000o\000s}{chapter.3}% 13
\BOOKMARK [1][-]{section.3.2}{\376\377\000A\000l\000e\000a\000t\000o\000r\000i\000z\000a\000\347\000\343\000o\000\040\000e\000\040\000D\000e\000c\000i\000s\000\365\000e\000s\000\040\000M\000i\000s\000t\000a\000s}{chapter.3}% 14
\BOOKMARK [1][-]{section.3.3}{\376\377\000P\000r\000o\000b\000l\000e\000m\000a\000s\000\040\000c\000o\000m\000\040\000D\000a\000d\000o\000s}{chapter.3}% 15
\BOOKMARK [0][-]{chapter.4}{\376\377\000E\000s\000t\000i\000m\000a\000\347\000\343\000o}{}% 16
\BOOKMARK [1][-]{section.4.1}{\376\377\000E\000s\000t\000i\000m\000a\000\347\000\343\000o\000\040\000P\000o\000n\000t\000u\000a\000l}{chapter.4}% 17
\BOOKMARK [1][-]{section.4.2}{\376\377\000E\000s\000t\000i\000m\000a\000\347\000\343\000o\000\040\000p\000o\000r\000\040\000R\000e\000g\000i\000\365\000e\000s}{chapter.4}% 18
\BOOKMARK [1][-]{section.4.3}{\376\377\000C\000u\000s\000t\000o\000\040\000d\000a\000s\000\040\000O\000b\000s\000e\000r\000v\000a\000\347\000\365\000e\000s}{chapter.4}% 19
\BOOKMARK [0][-]{chapter.5}{\376\377\000T\000e\000s\000t\000e\000s\000\040\000d\000e\000\040\000H\000i\000p\000\363\000t\000e\000s\000e\000s}{}% 20
\BOOKMARK [1][-]{section.5.1}{\376\377\000C\000o\000n\000c\000e\000i\000t\000o\000s\000\040\000B\000\341\000s\000i\000c\000o\000s}{chapter.5}% 21
\BOOKMARK [1][-]{section.5.2}{\376\377\000R\000e\000v\000i\000s\000\343\000o\000:\000\040\000A\000b\000o\000r\000d\000a\000g\000e\000m\000\040\000F\000r\000e\000q\000u\000e\000n\000t\000i\000s\000t\000a}{chapter.5}% 22
\BOOKMARK [1][-]{section.5.3}{\376\377\000A\000b\000o\000r\000d\000a\000g\000e\000m\000\040\000B\000a\000y\000e\000s\000i\000a\000n\000a\000\040\000\050\000v\000i\000a\000\040\000T\000e\000o\000r\000i\000a\000\040\000d\000a\000\040\000D\000e\000c\000i\000s\000\343\000o\000\051}{chapter.5}% 23
\BOOKMARK [1][-]{section.5.4}{\376\377\000P\000r\000o\000b\000a\000b\000i\000l\000i\000d\000a\000d\000e\000\040\000P\000o\000s\000t\000e\000r\000i\000o\000r\000\040\000d\000e\000\040\000H\000\137\0000}{chapter.5}% 24
\BOOKMARK [1][-]{section.5.5}{\376\377\000F\000a\000t\000o\000r\000\040\000d\000e\000\040\000B\000a\000y\000e\000s}{chapter.5}% 25
\BOOKMARK [1][-]{section.5.6}{\376\377\000T\000e\000s\000t\000e\000\040\000d\000e\000\040\000J\000e\000f\000f\000r\000e\000y\000s}{chapter.5}% 26
\BOOKMARK [1][-]{section.5.7}{\376\377\000H\000i\000p\000\363\000t\000e\000s\000e\000s\000\040\000P\000r\000e\000c\000i\000s\000a\000s}{chapter.5}% 27
\BOOKMARK [1][-]{section.5.8}{\376\377\000F\000B\000S\000T\000\040\000-\000\040\000F\000u\000l\000l\000\040\000B\000a\000y\000e\000s\000i\000a\000n\000\040\000S\000i\000g\000n\000i\000f\000i\000c\000a\000n\000c\000e\000\040\000T\000e\000s\000t}{chapter.5}% 28
\BOOKMARK [1][-]{section.5.9}{\376\377\000P\000-\000v\000a\000l\000u\000e\000\040\000-\000\040\000N\000i\000v\000e\000l\000\040\000d\000e\000\040\000S\000i\000g\000n\000i\000f\000i\000c\000\342\000n\000c\000i\000a\000\040\000A\000d\000a\000p\000t\000a\000t\000i\000v\000o}{chapter.5}% 29
\BOOKMARK [0][-]{appendix.A}{\376\377\000B\000r\000e\000v\000e\000\040\000R\000e\000s\000u\000m\000o\000\040\000d\000e\000\040\000M\000e\000d\000i\000d\000a\000\040\000e\000\040\000P\000r\000o\000b\000a\000b\000i\000l\000i\000d\000a\000d\000e}{}% 30
\BOOKMARK [1][-]{section.A.1}{\376\377\000C\000o\000n\000c\000e\000i\000t\000o\000s\000\040\000B\000\341\000s\000i\000c\000o\000s}{appendix.A}% 31
\BOOKMARK [1][-]{section.A.2}{\376\377\000V\000a\000l\000o\000r\000\040\000E\000s\000p\000e\000r\000a\000d\000o\000\040\000d\000e\000\040\000X\000\040\000\050\000O\000U\000\040\000u\000m\000a\000\040\000i\000d\000e\000i\000a\000\040\000d\000a\000\040\000t\000a\000l\000\040\000I\000n\000t\000e\000g\000r\000a\000l\000\040\000d\000e\000\040\000L\000e\000b\000e\000s\000g\000u\000e\000\051}{appendix.A}% 32
\BOOKMARK [1][-]{section.A.3}{\376\377\000F\000u\000n\000\347\000\365\000e\000s\000\040\000d\000e\000\040\000V\000a\000r\000i\000\341\000v\000e\000i\000s\000\040\000A\000l\000e\000a\000t\000\363\000r\000i\000a\000s}{appendix.A}% 33
\BOOKMARK [1][-]{section.A.4}{\376\377\000F\000u\000n\000\347\000\343\000o\000\040\000d\000e\000\040\000D\000i\000s\000t\000r\000i\000b\000u\000i\000\347\000\343\000o}{appendix.A}% 34
\BOOKMARK [1][-]{section.A.5}{\376\377\000P\000r\000o\000b\000a\000b\000i\000l\000i\000d\000a\000d\000e\000\040\000C\000o\000n\000d\000i\000c\000i\000o\000n\000a\000l}{appendix.A}% 35
